PIPELINES_REQUIREMENTS_PATH not specified. Skipping installation of requirements.
Download + install Executed in mode: full
RESET_PIPELINES_DIR is not set to true. No action taken.
PIPELINES_REQUIREMENTS_PATH not specified. Skipping installation of requirements.
PIPELINES_URLS not specified. Skipping pipelines download and installation.
Running via Mode: full
INFO:     Started server process [6490]
INFO:     Waiting for application startup.
INFO:root:Updated valves for module: RAM_Safety_Guard
INFO:root:Loaded module: RAM_Safety_Guard
INFO:root:Updated valves for module: Gemini_Cost_Guard
INFO:root:Loaded module: Gemini_Cost_Guard
INFO:     Application startup complete.
INFO:     Uvicorn running on http://0.0.0.0:9099 (Press CTRL+C to quit)
INFO:     Shutting down
INFO:     Waiting for application shutdown.
INFO:     Application shutdown complete.
INFO:     Finished server process [6490]
Loaded module: RAM_Safety_Guard
Loaded module: Gemini_Cost_Guard
